<?xml version="1.0" encoding="UTF-8"?>
<testng-results ignored="0" total="2" passed="2" failed="0" skipped="0">
  <reporter-output>
  </reporter-output>
  <suite started-at="2022-03-16T11:09:50 IST" name="Default suite" finished-at="2022-03-16T11:11:26 IST" duration-ms="96731">
    <groups>
      <group name="cucumber">
        <method signature="AbstractTestNGCucumberTests.runScenario(io.cucumber.testng.PickleWrapper,io.cucumber.testng.FeatureWrapper)[pri:0, instance:cucumberOptions.TestNGTestRunner@57a3af25]" name="runScenario" class="io.cucumber.testng.AbstractTestNGCucumberTests"/>
      </group> <!-- cucumber -->
    </groups>
    <test started-at="2022-03-16T11:09:50 IST" name="Default test" finished-at="2022-03-16T11:11:26 IST" duration-ms="96731">
      <class name="cucumberOptions.TestNGTestRunner">
        <test-method is-config="true" signature="setUpClass(org.testng.ITestContext)[pri:0, instance:cucumberOptions.TestNGTestRunner@57a3af25]" started-at="2022-03-16T11:09:50 IST" name="setUpClass" finished-at="2022-03-16T11:09:51 IST" duration-ms="1331" status="PASS">
          <params>
            <param index="0">
              <value>
                <![CDATA[org.testng.TestRunner@3cc3f13e]]>
              </value>
            </param>
          </params>
          <reporter-output>
          </reporter-output>
        </test-method> <!-- setUpClass -->
        <test-method signature="runScenario(io.cucumber.testng.PickleWrapper,io.cucumber.testng.FeatureWrapper)[pri:0, instance:cucumberOptions.TestNGTestRunner@57a3af25]" started-at="2022-03-16T11:09:51 IST" name="runScenario" description="Runs Cucumber Scenarios" data-provider="scenarios" finished-at="2022-03-16T11:10:56 IST" duration-ms="65341" status="PASS">
          <params>
            <param index="0">
              <value>
                <![CDATA["Purchase Tshirt and verify the order"]]>
              </value>
            </param>
            <param index="1">
              <value>
                <![CDATA["Optional[Purchase TShirt and Update First Name]"]]>
              </value>
            </param>
          </params>
          <reporter-output>
          </reporter-output>
        </test-method> <!-- runScenario -->
        <test-method signature="runScenario(io.cucumber.testng.PickleWrapper,io.cucumber.testng.FeatureWrapper)[pri:0, instance:cucumberOptions.TestNGTestRunner@57a3af25]" started-at="2022-03-16T11:10:56 IST" name="runScenario" description="Runs Cucumber Scenarios" data-provider="scenarios" finished-at="2022-03-16T11:11:26 IST" duration-ms="29173" status="PASS">
          <params>
            <param index="0">
              <value>
                <![CDATA["Update First Name from Personal information and Verify updated FirstName"]]>
              </value>
            </param>
            <param index="1">
              <value>
                <![CDATA["Optional[Purchase TShirt and Update First Name]"]]>
              </value>
            </param>
          </params>
          <reporter-output>
          </reporter-output>
        </test-method> <!-- runScenario -->
        <test-method is-config="true" signature="tearDownClass()[pri:0, instance:cucumberOptions.TestNGTestRunner@57a3af25]" started-at="2022-03-16T11:11:26 IST" name="tearDownClass" finished-at="2022-03-16T11:11:26 IST" duration-ms="778" status="PASS">
          <reporter-output>
          </reporter-output>
        </test-method> <!-- tearDownClass -->
      </class> <!-- cucumberOptions.TestNGTestRunner -->
    </test> <!-- Default test -->
  </suite> <!-- Default suite -->
</testng-results>
