<?xml version="1.0" encoding="UTF-8"?>
<testng-results ignored="0" total="2" passed="2" failed="0" skipped="0">
  <reporter-output>
  </reporter-output>
  <suite started-at="2022-03-11T19:50:33 IST" name="Default suite" finished-at="2022-03-11T19:52:15 IST" duration-ms="102651">
    <groups>
      <group name="cucumber">
        <method signature="AbstractTestNGCucumberTests.runScenario(io.cucumber.testng.PickleWrapper,io.cucumber.testng.FeatureWrapper)[pri:0, instance:cucumberOptions.TestNGTestRunner@57a3af25]" name="runScenario" class="io.cucumber.testng.AbstractTestNGCucumberTests"/>
      </group> <!-- cucumber -->
    </groups>
    <test started-at="2022-03-11T19:50:33 IST" name="Default test" finished-at="2022-03-11T19:52:15 IST" duration-ms="102651">
      <class name="cucumberOptions.TestNGTestRunner">
        <test-method is-config="true" signature="setUpClass(org.testng.ITestContext)[pri:0, instance:cucumberOptions.TestNGTestRunner@57a3af25]" started-at="2022-03-11T19:50:33 IST" name="setUpClass" finished-at="2022-03-11T19:50:38 IST" duration-ms="5603" status="PASS">
          <params>
            <param index="0">
              <value>
                <![CDATA[org.testng.TestRunner@424f02b8]]>
              </value>
            </param>
          </params>
          <reporter-output>
          </reporter-output>
        </test-method> <!-- setUpClass -->
        <test-method signature="runScenario(io.cucumber.testng.PickleWrapper,io.cucumber.testng.FeatureWrapper)[pri:0, instance:cucumberOptions.TestNGTestRunner@57a3af25]" started-at="2022-03-11T19:50:38 IST" name="runScenario" description="Runs Cucumber Scenarios" data-provider="scenarios" finished-at="2022-03-11T19:51:39 IST" duration-ms="61045" status="PASS">
          <params>
            <param index="0">
              <value>
                <![CDATA["Purchase Tshirt and verify the order"]]>
              </value>
            </param>
            <param index="1">
              <value>
                <![CDATA["Optional[Purchase TShirt and Update First Name]"]]>
              </value>
            </param>
          </params>
          <reporter-output>
          </reporter-output>
        </test-method> <!-- runScenario -->
        <test-method signature="runScenario(io.cucumber.testng.PickleWrapper,io.cucumber.testng.FeatureWrapper)[pri:0, instance:cucumberOptions.TestNGTestRunner@57a3af25]" started-at="2022-03-11T19:51:39 IST" name="runScenario" description="Runs Cucumber Scenarios" data-provider="scenarios" finished-at="2022-03-11T19:52:14 IST" duration-ms="34398" status="PASS">
          <params>
            <param index="0">
              <value>
                <![CDATA["Update First Name from Personal information and Verify updated FirstName"]]>
              </value>
            </param>
            <param index="1">
              <value>
                <![CDATA["Optional[Purchase TShirt and Update First Name]"]]>
              </value>
            </param>
          </params>
          <reporter-output>
          </reporter-output>
        </test-method> <!-- runScenario -->
        <test-method is-config="true" signature="tearDownClass()[pri:0, instance:cucumberOptions.TestNGTestRunner@57a3af25]" started-at="2022-03-11T19:52:14 IST" name="tearDownClass" finished-at="2022-03-11T19:52:15 IST" duration-ms="1480" status="PASS">
          <reporter-output>
          </reporter-output>
        </test-method> <!-- tearDownClass -->
      </class> <!-- cucumberOptions.TestNGTestRunner -->
    </test> <!-- Default test -->
  </suite> <!-- Default suite -->
</testng-results>
